
Showing logs for build [32mcb-kubecd-bdd-gh-1583628114-pr-pwt8h-1[0m stage [32mfrom-build-pack[0m and container [32mstep-credential-initializer-nvm8z[0m
{"level":"warn","ts":1583630112.7528427,"logger":"fallback-logger","caller":"logging/config.go:69","msg":"Fetch GitHub commit ID from kodata failed: \"ref: refs/heads/0.8.0-**-support-backwards-incompats\" is not a valid GitHub commit ID"}
{"level":"info","ts":1583630112.7533503,"logger":"fallback-logger","caller":"creds-init/main.go:40","msg":"Credentials initialized."}

Showing logs for build [32mcb-kubecd-bdd-gh-1583628114-pr-pwt8h-1[0m stage [32mfrom-build-pack[0m and container [32mstep-working-dir-initializer-6hknb[0m
{"level":"warn","ts":1583630113.7576213,"logger":"fallback-logger","caller":"logging/config.go:69","msg":"Fetch GitHub commit ID from kodata failed: open /var/run/ko/HEAD: no such file or directory"}
{"level":"info","ts":1583630113.7593398,"logger":"fallback-logger","caller":"bash/main.go:64","msg":"Successfully executed command \"sh -c mkdir -p /workspace/source\"; output "}

Showing logs for build [32mcb-kubecd-bdd-gh-1583628114-pr-pwt8h-1[0m stage [32mfrom-build-pack[0m and container [32mstep-place-tools[0m

Showing logs for build [32mcb-kubecd-bdd-gh-1583628114-pr-pwt8h-1[0m stage [32mfrom-build-pack[0m and container [32mstep-git-source-cb-kubecd-bdd-gh-1583628114-pr-pwt8h-x4lrj[0m
{"level":"warn","ts":1583630145.8691728,"logger":"fallback-logger","caller":"logging/config.go:69","msg":"Fetch GitHub commit ID from kodata failed: \"ref: refs/heads/0.8.0-**-support-backwards-incompats\" is not a valid GitHub commit ID"}
{"level":"info","ts":1583630146.9862378,"logger":"fallback-logger","caller":"git/git.go:103","msg":"Successfully cloned https://github.com/cb-kubecd/bdd-gh-1583628114.git @ master in path /workspace/source"}

Showing logs for build [32mcb-kubecd-bdd-gh-1583628114-pr-pwt8h-1[0m stage [32mfrom-build-pack[0m and container [32mstep-git-merge[0m
Using SHAs from PULL_REFS=master:3e17e3af29bb0b106d31c427dad39b3946d6f0a1,1:79d9a6a23bc54f7a9ffa949355b0edce5a1b39cc
DEBUG: LC_ALL=C JX_LOG_LEVEL=error git fetch origin --unshallow 79d9a6a23bc54f7a9ffa949355b0edce5a1b39cc: 3e17e3af29bb0b106d31c427dad39b3946d6f0a1:
DEBUG: ran git fetch --unshallow origin 79d9a6a23bc54f7a9ffa949355b0edce5a1b39cc: 3e17e3af29bb0b106d31c427dad39b3946d6f0a1: in 
DEBUG: LC_ALL=C JX_LOG_LEVEL=error git branch
DEBUG: LC_ALL=C JX_LOG_LEVEL=error git checkout master
DEBUG: ran git checkout master in 
DEBUG: JX_LOG_LEVEL=error LC_ALL=C git reset --hard 3e17e3af29bb0b106d31c427dad39b3946d6f0a1
DEBUG: ran git reset --hard 3e17e3af29bb0b106d31c427dad39b3946d6f0a1 in 
DEBUG: LC_ALL=C JX_LOG_LEVEL=error git clean -fd .
DEBUG: ran clean --force -d . in 
DEBUG: LC_ALL=C JX_LOG_LEVEL=error git merge 79d9a6a23bc54f7a9ffa949355b0edce5a1b39cc
DEBUG: ran git merge 79d9a6a23bc54f7a9ffa949355b0edce5a1b39cc in 
DEBUG: LC_ALL=C JX_LOG_LEVEL=error git log --format=%H%x1f%an%x1f%ae%x1f%cn%x1f%ce%x1f%s%n%b%x1e 3e17e3af29bb0b106d31c427dad39b3946d6f0a1..HEAD
Merged SHA 79d9a6a23bc54f7a9ffa949355b0edce5a1b39cc with commit message 'My first PR commit' into base branch master

Showing logs for build [32mcb-kubecd-bdd-gh-1583628114-pr-pwt8h-1[0m stage [32mfrom-build-pack[0m and container [32mstep-build-make-linux[0m
CGO_ENABLED=0 GOOS=linux GOARCH=amd64 GO15VENDOREXPERIMENT=1 go build -ldflags '' -o bin/bdd-gh-1583628114 main.go

Showing logs for build [32mcb-kubecd-bdd-gh-1583628114-pr-pwt8h-1[0m stage [32mfrom-build-pack[0m and container [32mstep-build-container-build[0m
[36mINFO[0m[0000] No base image, nothing to extract            
[36mINFO[0m[0000] cmd: EXPOSE                                  
[36mINFO[0m[0000] Adding exposed port: 8080/tcp                
[36mINFO[0m[0000] Using files from context: [/workspace/source/bin] 
[36mINFO[0m[0000] Skipping unpacking as no commands require it. 
[36mINFO[0m[0000] Taking snapshot of full filesystem...        
[36mINFO[0m[0000] EXPOSE 8080                                  
[36mINFO[0m[0000] cmd: EXPOSE                                  
[36mINFO[0m[0000] Adding exposed port: 8080/tcp                
[36mINFO[0m[0000] No files changed in this command, skipping snapshotting. 
[36mINFO[0m[0000] ENTRYPOINT ["/bdd-gh-1583628114"]            
[36mINFO[0m[0000] No files changed in this command, skipping snapshotting. 
[36mINFO[0m[0000] Using files from context: [/workspace/source/bin] 
[36mINFO[0m[0000] COPY ./bin/ /                                
[36mINFO[0m[0000] Taking snapshot of files...                  
2020/03/08 01:16:02 pushed blob: sha256:c126cfa6a0adaefed285cfa0eb1112fbb62e004ed7027a4ea4e9c5e205f66c2e
2020/03/08 01:16:03 pushed blob: sha256:b75f3802b9c9a0c431dd67a84df0a17b094161be85f8c59af6837c58ea2e94e4
2020/03/08 01:16:05 gcr.io/jenkins-x-bdd3/bdd-gh-1583628114:0.0.0-SNAPSHOT-PR-1-1: digest: sha256:b0f8593e1b4e449aac7f3b1c9ee8031c4f910fb304be0c41a0b21966aeac8b3c size: 428

Showing logs for build [32mcb-kubecd-bdd-gh-1583628114-pr-pwt8h-1[0m stage [32mfrom-build-pack[0m and container [32mstep-postbuild-post-build[0m
no CVE provider running in the current ** namespace so skip adding image to be analysed

Showing logs for build [32mcb-kubecd-bdd-gh-1583628114-pr-pwt8h-1[0m stage [32mfrom-build-pack[0m and container [32mstep-promote-make-preview[0m
sed -i -e "s/version:.*/version: 0.0.0-SNAPSHOT-PR-1-1/" Chart.yaml
sed -i -e "s/version:.*/version: 0.0.0-SNAPSHOT-PR-1-1/" ../*/Chart.yaml
sed -i -e "s|repository:.*|repository: gcr.io\/jenkins-x-bdd3\/bdd-gh-1583628114|" values.yaml
sed -i -e "s/tag:.*/tag: 0.0.0-SNAPSHOT-PR-1-1/" values.yaml
echo "  version: 0.0.0-SNAPSHOT-PR-1-1" >> requirements.yaml
** step helm build
WARNING: No $CHART_REPOSITORY defined so using the default value of: http://jenkins-x-chartmuseum:8080
Adding missing Helm repo: storage.googleapis.com https://storage.googleapis.com/chartmuseum.jenkins-x.io
WARNING: No secrets found on "helm/repos" due: reading the secret "helm/repos" from vault: no secret "helm/repos" not found in vault
Read credentials for https://storage.googleapis.com/chartmuseum.jenkins-x.io from vault helm/repos
Successfully added Helm repository storage.googleapis.com.
Adding missing Helm repo: jenkins-x-chartmuseum http://jenkins-x-chartmuseum:8080
WARNING: No secrets found on "helm/repos" due: reading the secret "helm/repos" from vault: no secret "helm/repos" not found in vault
Read credentials for http://jenkins-x-chartmuseum:8080 from vault helm/repos
Successfully added Helm repository jenkins-x-chartmuseum.
WARNING: No $CHART_REPOSITORY defined so using the default value of: http://jenkins-x-chartmuseum:8080
Adding missing Helm repo: chartmuseum.jenkins-x.io http://chartmuseum.jenkins-x.io
WARNING: No secrets found on "helm/repos" due: reading the secret "helm/repos" from vault: no secret "helm/repos" not found in vault
Read credentials for http://chartmuseum.jenkins-x.io from vault helm/repos
Successfully added Helm repository chartmuseum.jenkins-x.io.

Showing logs for build [32mcb-kubecd-bdd-gh-1583628114-pr-pwt8h-1[0m stage [32mfrom-build-pack[0m and container [32mstep-promote-jx-preview[0m
Creating a preview
Created environment cb-kubecd-bdd-gh-1583628114-pr-1
Namespace **-cb-kubecd-bdd-gh-1583628114-pr-1 created 
expose:
  Annotations:
    helm.sh/hook: post-install,post-upgrade
    helm.sh/hook-delete-policy: hook-succeeded
  config:
    domain: 34.77.49.114.nip.io
    exposer: Ingress
    http: "true"
preview:
  image:
    repository: gcr.io/jenkins-x-bdd3/bdd-gh-1583628114
    tag: 0.0.0-SNAPSHOT-PR-1-1

Updating PipelineActivities cb-kubecd-bdd-gh-1583628114-pr-1-1 which has status Running
Preview application is now available at: http://bdd-gh-1583628114.**-cb-kubecd-bdd-gh-1583628114-pr-1.34.77.49.114.nip.io
